[thread_tools] 2025-07-30 01:46:58 [INFO] ğŸŸ¢ Thread 'modul_symbol_fetcher' gestartet
[thread_tools] 2025-07-30 01:46:58 [INFO] âœ… Thread 'modul_symbol_fetcher' abgeschlossen
[thread_tools] 2025-07-30 01:49:17 [INFO] ğŸŸ¢ Thread 'modul_symbol_fetcher' gestartet
[thread_tools] 2025-07-30 01:49:17 [ERROR] âŒ Thread 'modul_symbol_fetcher' abgestÃ¼rzt: start_activated_modules.<locals>.make_module_task.<locals>.task() takes 0 positional arguments but 1 was given
Traceback (most recent call last):
  File "c:\Users\shaba\OneDrive\Anlagen\robust_lab\shared\thread_tools.py", line 44, in wrapped_target
    target(stop_flag, *args)
    ~~~~~~^^^^^^^^^^^^^^^^^^
TypeError: start_activated_modules.<locals>.make_module_task.<locals>.task() takes 0 positional arguments but 1 was given
[thread_tools] 2025-07-30 01:51:52 [INFO] ğŸŸ¢ Thread 'modul_symbol_fetcher' gestartet
[thread_tools] 2025-07-30 01:51:52 [ERROR] âŒ Thread 'modul_symbol_fetcher' abgestÃ¼rzt: start_activated_modules.<locals>.make_module_task.<locals>.task() takes 0 positional arguments but 1 was given
Traceback (most recent call last):
  File "c:\Users\shaba\OneDrive\Anlagen\robust_lab\shared\thread_tools.py", line 44, in wrapped_target
    target(stop_flag, *args)
    ~~~~~~^^^^^^^^^^^^^^^^^^
TypeError: start_activated_modules.<locals>.make_module_task.<locals>.task() takes 0 positional arguments but 1 was given
[thread_tools] 2025-07-30 01:53:52 [INFO] ğŸŸ¢ Thread 'modul_symbol_fetcher' gestartet
[thread_tools] 2025-07-30 01:53:52 [ERROR] âŒ Thread 'modul_symbol_fetcher' abgestÃ¼rzt: start_activated_modules.<locals>.<lambda>() takes 0 positional arguments but 1 was given
Traceback (most recent call last):
  File "c:\Users\shaba\OneDrive\Anlagen\robust_lab\shared\thread_tools.py", line 44, in wrapped_target
    target(stop_flag, *args)
    ~~~~~~^^^^^^^^^^^^^^^^^^
TypeError: start_activated_modules.<locals>.<lambda>() takes 0 positional arguments but 1 was given
[thread_tools] 2025-07-30 01:55:04 [INFO] ğŸŸ¢ Thread 'modul_symbol_fetcher' gestartet
[thread_tools] 2025-07-30 01:56:13 [INFO] ğŸŸ¢ Thread 'modul_symbol_fetcher' gestartet
[thread_tools] 2025-07-30 01:56:13 [ERROR] âŒ Thread 'modul_symbol_fetcher' abgestÃ¼rzt: run_module() takes 1 positional argument but 2 were given
Traceback (most recent call last):
  File "c:\Users\shaba\OneDrive\Anlagen\robust_lab\shared\thread_tools.py", line 44, in wrapped_target
    target(stop_flag, *args)
    ~~~~~~^^^^^^^^^^^^^^^^^^
TypeError: run_module() takes 1 positional argument but 2 were given
[thread_tools] 2025-07-30 01:58:16 [INFO] ğŸŸ¢ Thread 'modul_symbol_fetcher' gestartet
[thread_tools] 2025-07-30 01:58:16 [ERROR] âŒ Thread 'modul_symbol_fetcher' abgestÃ¼rzt: run_module() takes 1 positional argument but 2 were given
Traceback (most recent call last):
  File "c:\Users\shaba\OneDrive\Anlagen\robust_lab\shared\thread_tools.py", line 44, in wrapped_target
    target(stop_flag, *args)
    ~~~~~~^^^^^^^^^^^^^^^^^^
TypeError: run_module() takes 1 positional argument but 2 were given
[thread_tools] 2025-07-30 01:59:51 [INFO] ğŸŸ¢ Thread 'modul_symbol_fetcher' gestartet
[thread_tools] 2025-07-30 01:59:51 [ERROR] âŒ Thread 'modul_symbol_fetcher' abgestÃ¼rzt: run_module() takes 1 positional argument but 2 were given
Traceback (most recent call last):
  File "c:\Users\shaba\OneDrive\Anlagen\robust_lab\shared\thread_tools.py", line 44, in wrapped_target
    target(stop_flag, *args)
    ~~~~~~^^^^^^^^^^^^^^^^^^
TypeError: run_module() takes 1 positional argument but 2 were given
[thread_tools] 2025-07-30 02:00:38 [INFO] ğŸŸ¢ Thread 'modul_symbol_fetcher' gestartet
[thread_tools] 2025-07-30 02:00:38 [INFO] âœ… Thread 'modul_symbol_fetcher' abgeschlossen
[thread_tools] 2025-07-30 02:01:00 [INFO] ğŸŸ¢ Thread 'modul_symbol_fetcher' gestartet
[thread_tools] 2025-07-30 02:02:24 [INFO] ğŸŸ¢ Thread 'modul_symbol_fetcher' gestartet
[thread_tools] 2025-07-30 02:02:24 [ERROR] âŒ Thread 'modul_symbol_fetcher' abgestÃ¼rzt: run_module() takes 1 positional argument but 2 were given
Traceback (most recent call last):
  File "c:\Users\shaba\OneDrive\Anlagen\robust_lab\shared\thread_tools.py", line 44, in wrapped_target
    target(stop_flag, *args)
    ~~~~~~^^^^^^^^^^^^^^^^^^
TypeError: run_module() takes 1 positional argument but 2 were given
